sh /home/benny/basilisk/src/tests.sh
updating Makefile.tests
updating Makefile.deps
/home/benny/basilisk/src/qcc -MD -o flat_plate.s.d flat_plate.c
updating Makefile.deps
qcc -autolink -O2 -Wall -fopenmp -g -Wall -pipe -D_FORTIFY_SOURCE=2 -DDUMBGL -o flat_plate/flat_plate flat_plate.c -lm
[flat_plate.tst]
sh /home/benny/basilisk/src/tests.sh
updating Makefile.tests
updating Makefile.deps
/home/benny/basilisk/src/qcc -MD -o flat_plate.s.d flat_plate.c
updating Makefile.deps
qcc -autolink -O2 -Wall -fopenmp -g -Wall -pipe -D_FORTIFY_SOURCE=2 -DDUMBGL -o flat_plate/flat_plate flat_plate.c -lm
[flat_plate.tst]
sh /home/benny/basilisk/src/tests.sh
updating Makefile.tests
updating Makefile.deps
/home/benny/basilisk/src/qcc -MD -o flat_plate.s.d flat_plate.c
updating Makefile.deps
qcc -autolink -O2 -Wall -fopenmp -g -Wall -pipe -D_FORTIFY_SOURCE=2 -DDUMBGL -o flat_plate/flat_plate flat_plate.c -lm
[flat_plate.tst]
sh /home/benny/basilisk/src/tests.sh
updating Makefile.tests
updating Makefile.deps
/home/benny/basilisk/src/qcc -MD -o flat_plate.s.d flat_plate.c
updating Makefile.deps
qcc -autolink -O2 -Wall -fopenmp -g -Wall -pipe -D_FORTIFY_SOURCE=2 -DDUMBGL -o flat_plate/flat_plate flat_plate.c -lm
[flat_plate.tst]
